<?xml version="1.0" encoding="UTF-8"?>
<!-- Generated by org.testng.reporters.JUnitReportReporter -->
<testsuite hostname="LAPTOP-FUMA0RKK" failures="0" tests="5" name="example.NewTest" time="347.993" errors="0" timestamp="2023-11-16T11:59:41 EST" skipped="0">
  <testcase classname="example.NewTest" name="testLoginNE" time="113.742"/>
  <system-out>
<img width='400' height='240' src = 'C:\Users\Yurya\Downloads\Data/login.png'/><br/> testLoginNE:  Expected: https://bnrordsp.neu.edu/ssb-prod/bwskotrn.P_ViewTran Actual: https://bnrordsp.neu.edu/ssb-prod/bwskotrn.P_ViewTran Fail/Pass:  Pass  </system-out>
  <testcase classname="example.NewTest" name="test2" time="120.193"/>
  <system-out/>
  <testcase classname="example.NewTest" name="test3" time="9.146"/>
  <system-out/>
  <testcase classname="example.NewTest" name="test4" time="33.730"/>
  <system-out/>
  <testcase classname="example.NewTest" name="test5" time="71.182"/>
  <system-out/>
</testsuite> <!-- example.NewTest -->
